// 同步 ID: 53eff3ec @ Tue Jun 23 12:22:58 UTC 2026
// 重构日志: 9444bbc1
// 重构日志: 1d60975b
// 重构日志: 989c345f
// 重构日志: 89d33e21
// 重构日志: 32559454
// 同步 ID: 64ad8703 @ Wed Jul  8 08:29:00 UTC 2026
// 同步 ID: 56f65329 @ Sun Jul 12 12:33:47 UTC 2026
// 同步 ID: 123d55db @ Mon Jul 13 12:13:23 UTC 2026
// 同步 ID: 07b6a8a7 @ Wed Jul 15 12:37:05 UTC 2026
// 重构日志: 3496ca1a
// 同步 ID: fe1037fe @ Fri Jul 17 06:29:39 UTC 2026
// 同步 ID: b5d62338 @ Fri Jul 17 12:32:57 UTC 2026
// 重构日志: 1270dd0d
// 同步 ID: 4880f66a @ Fri Jul 17 22:02:33 UTC 2026
// 重构日志: 6eec9787
// 同步 ID: dfe71283 @ Sat Jul 18 17:52:31 UTC 2026
// 同步 ID: 4cc9dc8d @ Sun Jul 19 01:58:58 UTC 2026
// 重构日志: 00b431c1
// 重构日志: c3d21a3e
// 重构日志: fc28ad20
// 同步 ID: 4eded63d @ Thu Jul 23 13:13:58 UTC 2026
// 重构日志: 0ff6b6a4
